<?xml version="1.0" encoding="UTF-8"?>
<!-- Generated by org.testng.reporters.JUnitReportReporter -->
<testsuite hostname="lenovo-PC" failures="0" tests="3" name="com.ebanking.master.BranchDataProv" time="10.950" errors="0" timestamp="2020-05-08T18:23:14 PDT" skipped="0">
  <testcase classname="com.ebanking.master.BranchDataProv" name="Branchcre" time="3.534"/>
  <system-out/>
  <testcase classname="com.ebanking.master.BranchDataProv" name="Branchcre" time="3.690"/>
  <system-out/>
  <testcase classname="com.ebanking.master.BranchDataProv" name="Branchcre" time="3.726"/>
  <system-out/>
</testsuite> <!-- com.ebanking.master.BranchDataProv -->
