<?xml version="1.0" encoding="UTF-8"?>
<!-- Generated by org.testng.reporters.JUnitReportReporter -->
<testsuite hostname="lenovo-PC" failures="0" tests="1" name="com.ebanking.master.Employecre" time="6.827" errors="0" timestamp="2020-05-05T00:27:23 PDT" skipped="0">
  <testcase classname="com.ebanking.master.Employecre" name="Emplcre" time="6.827"/>
  <system-out/>
</testsuite> <!-- com.ebanking.master.Employecre -->
