<?xml version="1.0" encoding="UTF-8"?>
<!-- Generated by org.testng.reporters.JUnitReportReporter -->
<testsuite hostname="lenovo-PC" failures="0" tests="3" name="com.ebanking.master.RoleDataraPro" time="5.568" errors="0" timestamp="2020-05-08T17:01:34 PDT" skipped="0">
  <testcase classname="com.ebanking.master.RoleDataraPro" name="Rol" time="2.477"/>
  <system-out/>
  <testcase classname="com.ebanking.master.RoleDataraPro" name="Rol" time="1.376"/>
  <system-out/>
  <testcase classname="com.ebanking.master.RoleDataraPro" name="Rol" time="1.715"/>
  <system-out/>
</testsuite> <!-- com.ebanking.master.RoleDataraPro -->
