<?xml version="1.0" encoding="UTF-8"?>
<!-- Generated by org.testng.reporters.JUnitReportReporter -->
<testsuite hostname="lenovo-PC" failures="0" tests="3" name="com.ebanking.master.EmployeDataraPro" time="15.401" errors="0" timestamp="2020-05-08T18:32:09 PDT" skipped="0">
  <testcase classname="com.ebanking.master.EmployeDataraPro" name="Emplye" time="5.089"/>
  <system-out/>
  <testcase classname="com.ebanking.master.EmployeDataraPro" name="Emplye" time="6.156"/>
  <system-out/>
  <testcase classname="com.ebanking.master.EmployeDataraPro" name="Emplye" time="4.156"/>
  <system-out/>
</testsuite> <!-- com.ebanking.master.EmployeDataraPro -->
