<?xml version="1.0" encoding="UTF-8"?>
<!-- Generated by org.testng.reporters.JUnitReportReporter -->
<testsuite hostname="lenovo-PC" failures="0" tests="3" name="com.ebanking.master.Rolecreatn" time="14.550" errors="0" timestamp="2020-05-05T14:59:22 PDT" skipped="0">
  <testcase classname="com.ebanking.master.Rolecreatn" name="Rcre" time="4.743"/>
  <system-out/>
  <testcase classname="com.ebanking.master.Rolecreatn" name="Rcre" time="5.132"/>
  <system-out/>
  <testcase classname="com.ebanking.master.Rolecreatn" name="Rcre" time="4.675"/>
  <system-out/>
</testsuite> <!-- com.ebanking.master.Rolecreatn -->
