<?xml version="1.0" encoding="UTF-8"?>
<!-- Generated by org.testng.reporters.JUnitReportReporter -->
<testsuite hostname="lenovo-PC" failures="0" tests="5" name="com.ebanking.master.Librarying" time="35.618" errors="0" timestamp="2020-05-03T19:54:26 PDT" skipped="0">
  <testcase classname="com.ebanking.master.Librarying" name="OpenApp" time="11.704"/>
  <system-out/>
  <testcase classname="com.ebanking.master.Librarying" name="AdminLgn" time="4.258"/>
  <system-out/>
  <testcase classname="com.ebanking.master.Librarying" name="Branchcre" time="7.628"/>
  <system-out/>
  <testcase classname="com.ebanking.master.Librarying" name="Rolecre" time="4.727"/>
  <system-out/>
  <testcase classname="com.ebanking.master.Librarying" name="Emplye" time="7.301"/>
  <system-out/>
</testsuite> <!-- com.ebanking.master.Librarying -->
