<?xml version="1.0" encoding="UTF-8"?>
<!-- Generated by org.testng.reporters.JUnitReportReporter -->
<testsuite hostname="lenovo-PC" failures="0" tests="2" name="com.ebanking.master.SampleNG" time="0.047" errors="0" timestamp="2020-05-03T18:26:43 PDT" skipped="0">
  <testcase classname="com.ebanking.master.SampleNG" name="bcd" time="0.016"/>
  <system-out/>
  <testcase classname="com.ebanking.master.SampleNG" name="abc" time="0.031"/>
  <system-out/>
</testsuite> <!-- com.ebanking.master.SampleNG -->
